<?xml version="1.0" encoding="UTF-8"?>
<!-- Generated by org.testng.reporters.JUnitReportReporter -->
<testsuite hostname="Deepak" failures="1" tests="3" name="cucumberTestRunnerOptions.TestNGTestRunner" time="65.795" errors="0" timestamp="2025-03-26T13:59:50 IST" skipped="0">
  <testcase classname="cucumberTestRunnerOptions.TestNGTestRunner" name="runScenario" time="22.346"/>
  <testcase classname="cucumberTestRunnerOptions.TestNGTestRunner" name="runScenario" time="20.958">
    <failure message="expected [Beetroot] but found [No data]" type="java.lang.AssertionError">
      <![CDATA[java.lang.AssertionError: expected [Beetroot] but found [No data]
at org.testng.Assert.fail(Assert.java:111)
at org.testng.Assert.failNotEquals(Assert.java:1590)
at org.testng.Assert.assertEqualsImpl(Assert.java:150)
at org.testng.Assert.assertEquals(Assert.java:132)
at org.testng.Assert.assertEquals(Assert.java:656)
at org.testng.Assert.assertEquals(Assert.java:666)
at stepDefinitions.OfferPageStepDefinition.user_searched_for_same_shortname_in_offers_page(OfferPageStepDefinition.java:49)
at ✽.user searched for Beet shortname in offers page(file:///D:/Git%20Projects/Framework_Cucumber_RahulShetty/./Features/searchProduct.feature:10)
]]>
    </failure>
  </testcase> <!-- runScenario -->
  <testcase classname="cucumberTestRunnerOptions.TestNGTestRunner" name="runScenario" time="22.491"/>
</testsuite> <!-- cucumberTestRunnerOptions.TestNGTestRunner -->
